2017-05-16 15:17:17,117 [Worker-0] INFO  c.g.t.t.d.PublishedGradleVersions - Gradle version information cache is out-of-date. Trying to update.
2017-05-16 15:20:15,521 [Worker-19] INFO  o.e.m.c.i.p.ProjectConfigurationManager - Collecting project info '/pom.xml' /home/francesco/Documents/Work/WotRid/rid/pom.xml
2017-05-16 15:20:16,719 [Worker-19] INFO  o.e.m.c.i.l.LifecycleMappingFactory - Using org.eclipse.m2e.jdt.JarLifecycleMapping lifecycle mapping for MavenProject: wot.raspberry:rid:0.0.1-SNAPSHOT @ /home/francesco/Documents/Work/WotRid/rid/pom.xml.
2017-05-16 15:20:17,158 [Worker-19] INFO  o.e.m.j.i.AbstractJavaProjectConfigurator - Adding source folder /rid/src/main/java
2017-05-16 15:20:17,159 [Worker-19] INFO  o.e.m.j.i.AbstractJavaProjectConfigurator - Adding source folder /rid/src/test/java
2017-05-16 15:20:17,934 [Worker-19] INFO  o.e.m.c.i.p.ProjectConfigurationManager - Imported and configured 1 project(s) in 2 sec
2017-05-16 15:20:18,603 [Worker-11] INFO  o.e.m.c.i.embedder.EclipseLogger - Using 'UTF-8' encoding to copy filtered resources.
2017-05-16 15:20:18,604 [Worker-11] INFO  o.e.m.c.i.embedder.EclipseLogger - skip non existing resourceDirectory /home/francesco/Documents/Work/WotRid/rid/src/main/resources
2017-05-16 15:20:18,606 [Worker-11] INFO  o.e.m.c.i.embedder.EclipseLogger - Using 'UTF-8' encoding to copy filtered resources.
2017-05-16 15:20:18,606 [Worker-11] INFO  o.e.m.c.i.embedder.EclipseLogger - skip non existing resourceDirectory /home/francesco/Documents/Work/WotRid/rid/src/test/resources
2017-05-16 15:20:28,794 [Worker-3] INFO  o.e.m.c.i.embedder.EclipseLogger - Using 'UTF-8' encoding to copy filtered resources.
2017-05-16 15:20:28,794 [Worker-3] INFO  o.e.m.c.i.embedder.EclipseLogger - skip non existing resourceDirectory /home/francesco/Documents/Work/WotRid/rid/src/main/resources
2017-05-16 15:20:28,795 [Worker-3] INFO  o.e.m.c.i.embedder.EclipseLogger - Using 'UTF-8' encoding to copy filtered resources.
2017-05-16 15:20:28,795 [Worker-3] INFO  o.e.m.c.i.embedder.EclipseLogger - skip non existing resourceDirectory /home/francesco/Documents/Work/WotRid/rid/src/test/resources
2017-05-16 15:21:58,207 [Worker-3] INFO  o.e.m.c.i.l.LifecycleMappingFactory - Using org.eclipse.m2e.jdt.JarLifecycleMapping lifecycle mapping for MavenProject: wot.raspberry:rid:0.0.1-SNAPSHOT @ /home/francesco/Documents/Work/WotRid/rid/pom.xml.
2017-05-16 15:21:58,614 [Worker-3] INFO  o.e.m.c.i.embedder.EclipseLogger - Using 'UTF-8' encoding to copy filtered resources.
2017-05-16 15:21:58,614 [Worker-3] INFO  o.e.m.c.i.embedder.EclipseLogger - skip non existing resourceDirectory /home/francesco/Documents/Work/WotRid/rid/src/main/resources
2017-05-16 15:21:58,615 [Worker-3] INFO  o.e.m.c.i.embedder.EclipseLogger - Using 'UTF-8' encoding to copy filtered resources.
2017-05-16 15:21:58,616 [Worker-3] INFO  o.e.m.c.i.embedder.EclipseLogger - skip non existing resourceDirectory /home/francesco/Documents/Work/WotRid/rid/src/test/resources
2017-05-16 15:21:59,828 [Worker-8] INFO  o.e.m.c.i.embedder.EclipseLogger - Using 'UTF-8' encoding to copy filtered resources.
2017-05-16 15:21:59,828 [Worker-8] INFO  o.e.m.c.i.embedder.EclipseLogger - skip non existing resourceDirectory /home/francesco/Documents/Work/WotRid/rid/src/main/resources
2017-05-16 15:21:59,829 [Worker-8] INFO  o.e.m.c.i.embedder.EclipseLogger - Using 'UTF-8' encoding to copy filtered resources.
2017-05-16 15:21:59,829 [Worker-8] INFO  o.e.m.c.i.embedder.EclipseLogger - skip non existing resourceDirectory /home/francesco/Documents/Work/WotRid/rid/src/test/resources
2017-05-16 15:22:11,034 [Worker-19] INFO  o.e.m.c.i.embedder.EclipseLogger - Using 'UTF-8' encoding to copy filtered resources.
2017-05-16 15:22:11,035 [Worker-19] INFO  o.e.m.c.i.embedder.EclipseLogger - skip non existing resourceDirectory /home/francesco/Documents/Work/WotRid/rid/src/main/resources
2017-05-16 15:22:11,036 [Worker-19] INFO  o.e.m.c.i.embedder.EclipseLogger - Using 'UTF-8' encoding to copy filtered resources.
2017-05-16 15:22:11,036 [Worker-19] INFO  o.e.m.c.i.embedder.EclipseLogger - skip non existing resourceDirectory /home/francesco/Documents/Work/WotRid/rid/src/test/resources
2017-05-16 15:23:23,906 [Worker-3] INFO  o.e.m.c.i.embedder.EclipseLogger - Using 'UTF-8' encoding to copy filtered resources.
2017-05-16 15:23:23,907 [Worker-3] INFO  o.e.m.c.i.embedder.EclipseLogger - skip non existing resourceDirectory /home/francesco/Documents/Work/WotRid/rid/src/main/resources
2017-05-16 15:23:23,908 [Worker-3] INFO  o.e.m.c.i.embedder.EclipseLogger - Using 'UTF-8' encoding to copy filtered resources.
2017-05-16 15:23:23,908 [Worker-3] INFO  o.e.m.c.i.embedder.EclipseLogger - skip non existing resourceDirectory /home/francesco/Documents/Work/WotRid/rid/src/test/resources
2017-05-16 15:24:26,608 [Worker-8] INFO  o.e.m.c.i.embedder.EclipseLogger - Using 'UTF-8' encoding to copy filtered resources.
2017-05-16 15:24:26,608 [Worker-8] INFO  o.e.m.c.i.embedder.EclipseLogger - skip non existing resourceDirectory /home/francesco/Documents/Work/WotRid/rid/src/main/resources
2017-05-16 15:24:26,611 [Worker-8] INFO  o.e.m.c.i.embedder.EclipseLogger - Using 'UTF-8' encoding to copy filtered resources.
2017-05-16 15:24:26,611 [Worker-8] INFO  o.e.m.c.i.embedder.EclipseLogger - skip non existing resourceDirectory /home/francesco/Documents/Work/WotRid/rid/src/test/resources
2017-05-16 15:25:16,251 [Worker-3] INFO  o.e.m.c.i.embedder.EclipseLogger - Using 'UTF-8' encoding to copy filtered resources.
2017-05-16 15:25:16,251 [Worker-3] INFO  o.e.m.c.i.embedder.EclipseLogger - skip non existing resourceDirectory /home/francesco/Documents/Work/WotRid/rid/src/main/resources
2017-05-16 15:25:16,252 [Worker-3] INFO  o.e.m.c.i.embedder.EclipseLogger - Using 'UTF-8' encoding to copy filtered resources.
2017-05-16 15:25:16,253 [Worker-3] INFO  o.e.m.c.i.embedder.EclipseLogger - skip non existing resourceDirectory /home/francesco/Documents/Work/WotRid/rid/src/test/resources
2017-05-16 15:26:14,078 [Worker-7] INFO  o.e.m.c.i.embedder.EclipseLogger - Using 'UTF-8' encoding to copy filtered resources.
2017-05-16 15:26:14,121 [Worker-7] INFO  o.e.m.c.i.embedder.EclipseLogger - Copying 1 resource
2017-05-16 15:26:14,129 [Worker-7] INFO  o.e.m.c.i.embedder.EclipseLogger - Using 'UTF-8' encoding to copy filtered resources.
2017-05-16 15:26:14,129 [Worker-7] INFO  o.e.m.c.i.embedder.EclipseLogger - skip non existing resourceDirectory /home/francesco/Documents/Work/WotRid/rid/src/test/resources
2017-05-16 15:26:34,486 [Worker-7] INFO  o.e.m.c.i.embedder.EclipseLogger - Using 'UTF-8' encoding to copy filtered resources.
2017-05-16 15:26:34,486 [Worker-7] INFO  o.e.m.c.i.embedder.EclipseLogger - skip non existing resourceDirectory /home/francesco/Documents/Work/WotRid/rid/src/main/resources
2017-05-16 15:26:34,487 [Worker-7] INFO  o.e.m.c.i.embedder.EclipseLogger - Using 'UTF-8' encoding to copy filtered resources.
2017-05-16 15:26:34,488 [Worker-7] INFO  o.e.m.c.i.embedder.EclipseLogger - skip non existing resourceDirectory /home/francesco/Documents/Work/WotRid/rid/src/test/resources
2017-05-16 15:26:40,661 [Worker-7] INFO  o.e.m.c.i.embedder.EclipseLogger - Using 'UTF-8' encoding to copy filtered resources.
2017-05-16 15:26:40,661 [Worker-7] INFO  o.e.m.c.i.embedder.EclipseLogger - skip non existing resourceDirectory /home/francesco/Documents/Work/WotRid/rid/src/main/resources
2017-05-16 15:26:40,662 [Worker-7] INFO  o.e.m.c.i.embedder.EclipseLogger - Using 'UTF-8' encoding to copy filtered resources.
2017-05-16 15:26:40,662 [Worker-7] INFO  o.e.m.c.i.embedder.EclipseLogger - skip non existing resourceDirectory /home/francesco/Documents/Work/WotRid/rid/src/test/resources
2017-05-16 15:28:54,007 [Worker-22] INFO  o.e.m.c.i.embedder.EclipseLogger - Using 'UTF-8' encoding to copy filtered resources.
2017-05-16 15:28:54,007 [Worker-22] INFO  o.e.m.c.i.embedder.EclipseLogger - skip non existing resourceDirectory /home/francesco/Documents/Work/WotRid/rid/src/main/resources
2017-05-16 15:28:54,008 [Worker-22] INFO  o.e.m.c.i.embedder.EclipseLogger - Using 'UTF-8' encoding to copy filtered resources.
2017-05-16 15:28:54,008 [Worker-22] INFO  o.e.m.c.i.embedder.EclipseLogger - skip non existing resourceDirectory /home/francesco/Documents/Work/WotRid/rid/src/test/resources
2017-05-16 15:30:17,783 [Worker-1] INFO  c.g.t.t.d.PublishedGradleVersions - Gradle version information cache is up-to-date. Trying to read.
2017-05-16 15:30:35,692 [Worker-16] INFO  o.e.m.c.i.embedder.EclipseLogger - Using 'UTF-8' encoding to copy filtered resources.
2017-05-16 15:30:35,692 [Worker-16] INFO  o.e.m.c.i.embedder.EclipseLogger - skip non existing resourceDirectory /home/francesco/Documents/Work/WotRid/rid/src/main/resources
2017-05-16 15:30:35,694 [Worker-16] INFO  o.e.m.c.i.embedder.EclipseLogger - Using 'UTF-8' encoding to copy filtered resources.
2017-05-16 15:30:35,694 [Worker-16] INFO  o.e.m.c.i.embedder.EclipseLogger - skip non existing resourceDirectory /home/francesco/Documents/Work/WotRid/rid/src/test/resources
2017-05-16 15:32:08,316 [Worker-13] INFO  o.e.m.c.i.embedder.EclipseLogger - Using 'UTF-8' encoding to copy filtered resources.
2017-05-16 15:32:08,317 [Worker-13] INFO  o.e.m.c.i.embedder.EclipseLogger - skip non existing resourceDirectory /home/francesco/Documents/Work/WotRid/rid/src/main/resources
2017-05-16 15:32:08,318 [Worker-13] INFO  o.e.m.c.i.embedder.EclipseLogger - Using 'UTF-8' encoding to copy filtered resources.
2017-05-16 15:32:08,318 [Worker-13] INFO  o.e.m.c.i.embedder.EclipseLogger - skip non existing resourceDirectory /home/francesco/Documents/Work/WotRid/rid/src/test/resources
2017-05-16 15:57:56,541 [Worker-27] INFO  o.e.m.c.i.embedder.EclipseLogger - Using 'UTF-8' encoding to copy filtered resources.
2017-05-16 15:57:56,542 [Worker-27] INFO  o.e.m.c.i.embedder.EclipseLogger - skip non existing resourceDirectory /home/francesco/Documents/Work/WotRid/rid/src/main/resources
2017-05-16 15:57:56,543 [Worker-27] INFO  o.e.m.c.i.embedder.EclipseLogger - Using 'UTF-8' encoding to copy filtered resources.
2017-05-16 15:57:56,543 [Worker-27] INFO  o.e.m.c.i.embedder.EclipseLogger - skip non existing resourceDirectory /home/francesco/Documents/Work/WotRid/rid/src/test/resources
2017-05-16 15:58:07,889 [Worker-2] INFO  c.g.t.t.d.PublishedGradleVersions - Gradle version information cache is up-to-date. Trying to read.
2017-05-16 18:08:51,267 [Worker-24] INFO  o.e.m.c.i.embedder.EclipseLogger - Using 'UTF-8' encoding to copy filtered resources.
2017-05-16 18:08:51,267 [Worker-24] INFO  o.e.m.c.i.embedder.EclipseLogger - skip non existing resourceDirectory /home/francesco/Documents/Work/WotRid/rid/src/main/resources
2017-05-16 18:08:51,269 [Worker-24] INFO  o.e.m.c.i.embedder.EclipseLogger - Using 'UTF-8' encoding to copy filtered resources.
2017-05-16 18:08:51,269 [Worker-24] INFO  o.e.m.c.i.embedder.EclipseLogger - skip non existing resourceDirectory /home/francesco/Documents/Work/WotRid/rid/src/test/resources
2017-05-17 09:44:15,981 [Worker-1] INFO  c.g.t.t.d.PublishedGradleVersions - Gradle version information cache is up-to-date. Trying to read.
2017-05-17 11:51:19,869 [Worker-37] INFO  o.e.m.c.i.embedder.EclipseLogger - Using 'UTF-8' encoding to copy filtered resources.
2017-05-17 11:51:19,870 [Worker-37] INFO  o.e.m.c.i.embedder.EclipseLogger - skip non existing resourceDirectory /home/francesco/Documents/Work/WotRid/rid/src/main/resources
2017-05-17 11:51:19,872 [Worker-37] INFO  o.e.m.c.i.embedder.EclipseLogger - Using 'UTF-8' encoding to copy filtered resources.
2017-05-17 11:51:19,873 [Worker-37] INFO  o.e.m.c.i.embedder.EclipseLogger - skip non existing resourceDirectory /home/francesco/Documents/Work/WotRid/rid/src/test/resources
2017-05-17 15:08:46,911 [Worker-51] INFO  o.e.m.c.i.embedder.EclipseLogger - Using 'UTF-8' encoding to copy filtered resources.
2017-05-17 15:08:46,911 [Worker-51] INFO  o.e.m.c.i.embedder.EclipseLogger - skip non existing resourceDirectory /home/francesco/Documents/Work/WotRid/rid/src/main/resources
2017-05-17 15:08:46,913 [Worker-51] INFO  o.e.m.c.i.embedder.EclipseLogger - Using 'UTF-8' encoding to copy filtered resources.
2017-05-17 15:08:46,913 [Worker-51] INFO  o.e.m.c.i.embedder.EclipseLogger - skip non existing resourceDirectory /home/francesco/Documents/Work/WotRid/rid/src/test/resources
2017-05-17 17:30:31,947 [Worker-135] INFO  o.e.m.c.i.embedder.EclipseLogger - Using 'UTF-8' encoding to copy filtered resources.
2017-05-17 17:30:31,947 [Worker-135] INFO  o.e.m.c.i.embedder.EclipseLogger - skip non existing resourceDirectory /home/francesco/Documents/Work/WotRid/rid/src/main/resources
2017-05-17 17:30:31,948 [Worker-135] INFO  o.e.m.c.i.embedder.EclipseLogger - Using 'UTF-8' encoding to copy filtered resources.
2017-05-17 17:30:31,948 [Worker-135] INFO  o.e.m.c.i.embedder.EclipseLogger - skip non existing resourceDirectory /home/francesco/Documents/Work/WotRid/rid/src/test/resources
2017-05-17 17:30:41,387 [Worker-113] INFO  o.e.m.c.i.embedder.EclipseLogger - Using 'UTF-8' encoding to copy filtered resources.
2017-05-17 17:30:41,387 [Worker-113] INFO  o.e.m.c.i.embedder.EclipseLogger - skip non existing resourceDirectory /home/francesco/Documents/Work/WotRid/rid/src/main/resources
2017-05-17 17:30:41,387 [Worker-113] INFO  o.e.m.c.i.embedder.EclipseLogger - Using 'UTF-8' encoding to copy filtered resources.
2017-05-17 17:30:41,388 [Worker-113] INFO  o.e.m.c.i.embedder.EclipseLogger - skip non existing resourceDirectory /home/francesco/Documents/Work/WotRid/rid/src/test/resources
2017-05-17 17:32:20,303 [Worker-137] INFO  o.e.m.c.i.embedder.EclipseLogger - Using 'UTF-8' encoding to copy filtered resources.
2017-05-17 17:32:20,303 [Worker-137] INFO  o.e.m.c.i.embedder.EclipseLogger - skip non existing resourceDirectory /home/francesco/Documents/Work/WotRid/rid/src/main/resources
2017-05-17 17:32:20,304 [Worker-137] INFO  o.e.m.c.i.embedder.EclipseLogger - Using 'UTF-8' encoding to copy filtered resources.
2017-05-17 17:32:20,304 [Worker-137] INFO  o.e.m.c.i.embedder.EclipseLogger - skip non existing resourceDirectory /home/francesco/Documents/Work/WotRid/rid/src/test/resources
2017-05-17 17:32:41,245 [Worker-142] INFO  o.e.m.c.i.embedder.EclipseLogger - Using 'UTF-8' encoding to copy filtered resources.
2017-05-17 17:32:41,245 [Worker-142] INFO  o.e.m.c.i.embedder.EclipseLogger - skip non existing resourceDirectory /home/francesco/Documents/Work/WotRid/rid/src/main/resources
2017-05-17 17:32:41,246 [Worker-142] INFO  o.e.m.c.i.embedder.EclipseLogger - Using 'UTF-8' encoding to copy filtered resources.
2017-05-17 17:32:41,247 [Worker-142] INFO  o.e.m.c.i.embedder.EclipseLogger - skip non existing resourceDirectory /home/francesco/Documents/Work/WotRid/rid/src/test/resources
2017-05-17 18:23:57,691 [Worker-157] INFO  o.e.m.c.i.embedder.EclipseLogger - Using 'UTF-8' encoding to copy filtered resources.
2017-05-17 18:23:57,691 [Worker-157] INFO  o.e.m.c.i.embedder.EclipseLogger - skip non existing resourceDirectory /home/francesco/Documents/Work/WotRid/rid/src/main/resources
2017-05-17 18:23:57,692 [Worker-157] INFO  o.e.m.c.i.embedder.EclipseLogger - Using 'UTF-8' encoding to copy filtered resources.
2017-05-17 18:23:57,692 [Worker-157] INFO  o.e.m.c.i.embedder.EclipseLogger - skip non existing resourceDirectory /home/francesco/Documents/Work/WotRid/rid/src/test/resources
2017-05-19 10:52:25,310 [Worker-1] INFO  c.g.t.t.d.PublishedGradleVersions - Gradle version information cache is out-of-date. Trying to update.
2017-05-19 11:16:22,721 [Worker-7] INFO  o.e.m.c.i.embedder.EclipseLogger - Using 'UTF-8' encoding to copy filtered resources.
2017-05-19 11:16:22,722 [Worker-7] INFO  o.e.m.c.i.embedder.EclipseLogger - skip non existing resourceDirectory /home/francesco/Documents/Work/WotRid/rid/src/main/resources
2017-05-19 11:16:22,723 [Worker-7] INFO  o.e.m.c.i.embedder.EclipseLogger - Using 'UTF-8' encoding to copy filtered resources.
2017-05-19 11:16:22,724 [Worker-7] INFO  o.e.m.c.i.embedder.EclipseLogger - skip non existing resourceDirectory /home/francesco/Documents/Work/WotRid/rid/src/test/resources
2017-05-19 11:35:37,860 [Worker-26] INFO  o.e.m.c.i.embedder.EclipseLogger - Using 'UTF-8' encoding to copy filtered resources.
2017-05-19 11:35:37,860 [Worker-26] INFO  o.e.m.c.i.embedder.EclipseLogger - skip non existing resourceDirectory /home/francesco/Documents/Work/WotRid/rid/src/main/resources
2017-05-19 11:35:37,861 [Worker-26] INFO  o.e.m.c.i.embedder.EclipseLogger - Using 'UTF-8' encoding to copy filtered resources.
2017-05-19 11:35:37,861 [Worker-26] INFO  o.e.m.c.i.embedder.EclipseLogger - skip non existing resourceDirectory /home/francesco/Documents/Work/WotRid/rid/src/test/resources
2017-05-19 17:06:15,569 [Worker-103] INFO  o.e.m.c.i.embedder.EclipseLogger - Using 'UTF-8' encoding to copy filtered resources.
2017-05-19 17:06:15,570 [Worker-103] INFO  o.e.m.c.i.embedder.EclipseLogger - skip non existing resourceDirectory /home/francesco/Documents/Work/WotRid/rid/src/main/resources
2017-05-19 17:06:15,571 [Worker-103] INFO  o.e.m.c.i.embedder.EclipseLogger - Using 'UTF-8' encoding to copy filtered resources.
2017-05-19 17:06:15,571 [Worker-103] INFO  o.e.m.c.i.embedder.EclipseLogger - skip non existing resourceDirectory /home/francesco/Documents/Work/WotRid/rid/src/test/resources
2017-05-19 17:07:41,714 [Worker-104] INFO  o.e.m.c.i.embedder.EclipseLogger - Using 'UTF-8' encoding to copy filtered resources.
2017-05-19 17:07:41,715 [Worker-104] INFO  o.e.m.c.i.embedder.EclipseLogger - skip non existing resourceDirectory /home/francesco/Documents/Work/WotRid/rid/src/main/resources
2017-05-19 17:07:41,716 [Worker-104] INFO  o.e.m.c.i.embedder.EclipseLogger - Using 'UTF-8' encoding to copy filtered resources.
2017-05-19 17:07:41,716 [Worker-104] INFO  o.e.m.c.i.embedder.EclipseLogger - skip non existing resourceDirectory /home/francesco/Documents/Work/WotRid/rid/src/test/resources
2017-05-19 17:09:16,784 [Worker-107] INFO  o.e.m.c.i.l.LifecycleMappingFactory - Using org.eclipse.m2e.jdt.JarLifecycleMapping lifecycle mapping for MavenProject: wot.raspberry:rid:0.0.1-SNAPSHOT @ /home/francesco/Documents/Work/WotRid/rid/pom.xml.
2017-05-19 17:09:17,122 [Worker-107] INFO  o.e.m.c.i.e.AbstractTransferListenerAdapter - Downloading https://repo.maven.apache.org/maven2/net/sourceforge/argparse4j/argparse4j/0.7.0/argparse4j-0.7.0.pom
2017-05-19 17:09:17,166 [Worker-107] INFO  o.e.m.c.i.e.AbstractTransferListenerAdapter - Downloaded https://repo.maven.apache.org/maven2/net/sourceforge/argparse4j/argparse4j/0.7.0/argparse4j-0.7.0.pom
2017-05-19 17:09:17,204 [Worker-107] INFO  o.e.m.c.i.e.AbstractTransferListenerAdapter - Downloading https://repo.maven.apache.org/maven2/net/sourceforge/argparse4j/argparse4j/0.7.0/argparse4j-0.7.0.jar
2017-05-19 17:09:17,332 [Worker-107] INFO  o.e.m.c.i.e.AbstractTransferListenerAdapter - Downloaded https://repo.maven.apache.org/maven2/net/sourceforge/argparse4j/argparse4j/0.7.0/argparse4j-0.7.0.jar
2017-05-19 17:09:17,782 [Worker-107] INFO  o.e.m.c.i.embedder.EclipseLogger - Using 'UTF-8' encoding to copy filtered resources.
2017-05-19 17:09:17,782 [Worker-107] INFO  o.e.m.c.i.embedder.EclipseLogger - skip non existing resourceDirectory /home/francesco/Documents/Work/WotRid/rid/src/main/resources
2017-05-19 17:09:17,784 [Worker-107] INFO  o.e.m.c.i.embedder.EclipseLogger - Using 'UTF-8' encoding to copy filtered resources.
2017-05-19 17:09:17,784 [Worker-107] INFO  o.e.m.c.i.embedder.EclipseLogger - skip non existing resourceDirectory /home/francesco/Documents/Work/WotRid/rid/src/test/resources
2017-05-19 17:09:18,985 [Worker-106] INFO  o.e.m.c.i.embedder.EclipseLogger - Using 'UTF-8' encoding to copy filtered resources.
2017-05-19 17:09:18,985 [Worker-106] INFO  o.e.m.c.i.embedder.EclipseLogger - skip non existing resourceDirectory /home/francesco/Documents/Work/WotRid/rid/src/main/resources
2017-05-19 17:09:18,986 [Worker-106] INFO  o.e.m.c.i.embedder.EclipseLogger - Using 'UTF-8' encoding to copy filtered resources.
2017-05-19 17:09:18,987 [Worker-106] INFO  o.e.m.c.i.embedder.EclipseLogger - skip non existing resourceDirectory /home/francesco/Documents/Work/WotRid/rid/src/test/resources
2017-05-19 17:24:04,490 [Worker-103] INFO  o.e.m.c.i.embedder.EclipseLogger - Using 'UTF-8' encoding to copy filtered resources.
2017-05-19 17:24:04,490 [Worker-103] INFO  o.e.m.c.i.embedder.EclipseLogger - skip non existing resourceDirectory /home/francesco/Documents/Work/WotRid/rid/src/main/resources
2017-05-19 17:24:04,491 [Worker-103] INFO  o.e.m.c.i.embedder.EclipseLogger - Using 'UTF-8' encoding to copy filtered resources.
2017-05-19 17:24:04,491 [Worker-103] INFO  o.e.m.c.i.embedder.EclipseLogger - skip non existing resourceDirectory /home/francesco/Documents/Work/WotRid/rid/src/test/resources
2017-05-19 17:26:10,383 [Worker-111] INFO  o.e.m.c.i.embedder.EclipseLogger - Using 'UTF-8' encoding to copy filtered resources.
2017-05-19 17:26:10,383 [Worker-111] INFO  o.e.m.c.i.embedder.EclipseLogger - skip non existing resourceDirectory /home/francesco/Documents/Work/WotRid/rid/src/main/resources
2017-05-19 17:26:10,384 [Worker-111] INFO  o.e.m.c.i.embedder.EclipseLogger - Using 'UTF-8' encoding to copy filtered resources.
2017-05-19 17:26:10,384 [Worker-111] INFO  o.e.m.c.i.embedder.EclipseLogger - skip non existing resourceDirectory /home/francesco/Documents/Work/WotRid/rid/src/test/resources
2017-05-19 17:27:53,570 [Worker-112] INFO  o.e.m.c.i.embedder.EclipseLogger - Using 'UTF-8' encoding to copy filtered resources.
2017-05-19 17:27:53,570 [Worker-112] INFO  o.e.m.c.i.embedder.EclipseLogger - skip non existing resourceDirectory /home/francesco/Documents/Work/WotRid/rid/src/main/resources
2017-05-19 17:27:53,571 [Worker-112] INFO  o.e.m.c.i.embedder.EclipseLogger - Using 'UTF-8' encoding to copy filtered resources.
2017-05-19 17:27:53,571 [Worker-112] INFO  o.e.m.c.i.embedder.EclipseLogger - skip non existing resourceDirectory /home/francesco/Documents/Work/WotRid/rid/src/test/resources
2017-05-19 17:31:59,963 [Worker-109] INFO  o.e.m.c.i.l.LifecycleMappingFactory - Using org.eclipse.m2e.jdt.JarLifecycleMapping lifecycle mapping for MavenProject: wot.raspberry:rid:0.0.1-SNAPSHOT @ /home/francesco/Documents/Work/WotRid/rid/pom.xml.
2017-05-19 17:32:00,090 [Worker-109] INFO  o.e.m.c.i.embedder.EclipseLogger - Using 'UTF-8' encoding to copy filtered resources.
2017-05-19 17:32:00,090 [Worker-109] INFO  o.e.m.c.i.embedder.EclipseLogger - skip non existing resourceDirectory /home/francesco/Documents/Work/WotRid/rid/src/main/resources
2017-05-19 17:32:00,091 [Worker-109] INFO  o.e.m.c.i.embedder.EclipseLogger - Using 'UTF-8' encoding to copy filtered resources.
2017-05-19 17:32:00,091 [Worker-109] INFO  o.e.m.c.i.embedder.EclipseLogger - skip non existing resourceDirectory /home/francesco/Documents/Work/WotRid/rid/src/test/resources
2017-05-19 17:32:01,265 [Worker-111] INFO  o.e.m.c.i.embedder.EclipseLogger - Using 'UTF-8' encoding to copy filtered resources.
2017-05-19 17:32:01,265 [Worker-111] INFO  o.e.m.c.i.embedder.EclipseLogger - skip non existing resourceDirectory /home/francesco/Documents/Work/WotRid/rid/src/main/resources
2017-05-19 17:32:01,266 [Worker-111] INFO  o.e.m.c.i.embedder.EclipseLogger - Using 'UTF-8' encoding to copy filtered resources.
2017-05-19 17:32:01,266 [Worker-111] INFO  o.e.m.c.i.embedder.EclipseLogger - skip non existing resourceDirectory /home/francesco/Documents/Work/WotRid/rid/src/test/resources
2017-05-19 17:42:04,860 [Worker-110] INFO  o.e.m.c.i.embedder.EclipseLogger - Using 'UTF-8' encoding to copy filtered resources.
2017-05-19 17:42:04,860 [Worker-110] INFO  o.e.m.c.i.embedder.EclipseLogger - skip non existing resourceDirectory /home/francesco/Documents/Work/WotRid/rid/src/main/resources
2017-05-19 17:42:04,861 [Worker-110] INFO  o.e.m.c.i.embedder.EclipseLogger - Using 'UTF-8' encoding to copy filtered resources.
2017-05-19 17:42:04,861 [Worker-110] INFO  o.e.m.c.i.embedder.EclipseLogger - skip non existing resourceDirectory /home/francesco/Documents/Work/WotRid/rid/src/test/resources
2017-05-19 17:42:35,354 [Worker-111] INFO  o.e.m.c.i.embedder.EclipseLogger - Using 'UTF-8' encoding to copy filtered resources.
2017-05-19 17:42:35,355 [Worker-111] INFO  o.e.m.c.i.embedder.EclipseLogger - skip non existing resourceDirectory /home/francesco/Documents/Work/WotRid/rid/src/main/resources
2017-05-19 17:42:35,356 [Worker-111] INFO  o.e.m.c.i.embedder.EclipseLogger - Using 'UTF-8' encoding to copy filtered resources.
2017-05-19 17:42:35,356 [Worker-111] INFO  o.e.m.c.i.embedder.EclipseLogger - skip non existing resourceDirectory /home/francesco/Documents/Work/WotRid/rid/src/test/resources
2017-05-19 17:46:04,508 [Worker-115] INFO  o.e.m.c.i.l.LifecycleMappingFactory - Using org.eclipse.m2e.jdt.JarLifecycleMapping lifecycle mapping for MavenProject: wot.raspberry:rid:0.0.1-SNAPSHOT @ /home/francesco/Documents/Work/WotRid/rid/pom.xml.
2017-05-19 17:46:04,778 [Worker-115] INFO  o.e.m.c.i.e.AbstractTransferListenerAdapter - Downloading https://repo.maven.apache.org/maven2/org/apache/directory/studio/org.apache.commons.io/2.4/org.apache.commons.io-2.4.pom
2017-05-19 17:46:04,813 [Worker-115] INFO  o.e.m.c.i.e.AbstractTransferListenerAdapter - Downloaded https://repo.maven.apache.org/maven2/org/apache/directory/studio/org.apache.commons.io/2.4/org.apache.commons.io-2.4.pom
2017-05-19 17:46:04,850 [Worker-115] INFO  o.e.m.c.i.e.AbstractTransferListenerAdapter - Downloading https://repo.maven.apache.org/maven2/org/apache/directory/studio/parent-libraries/2.0.0.v20130125/parent-libraries-2.0.0.v20130125.pom
2017-05-19 17:46:04,885 [Worker-115] INFO  o.e.m.c.i.e.AbstractTransferListenerAdapter - Downloaded https://repo.maven.apache.org/maven2/org/apache/directory/studio/parent-libraries/2.0.0.v20130125/parent-libraries-2.0.0.v20130125.pom
2017-05-19 17:46:04,926 [Worker-115] INFO  o.e.m.c.i.e.AbstractTransferListenerAdapter - Downloading https://repo.maven.apache.org/maven2/org/apache/directory/studio/parent/2.0.0.v20130125/parent-2.0.0.v20130125.pom
2017-05-19 17:46:05,044 [Worker-115] INFO  o.e.m.c.i.e.AbstractTransferListenerAdapter - Downloaded https://repo.maven.apache.org/maven2/org/apache/directory/studio/parent/2.0.0.v20130125/parent-2.0.0.v20130125.pom
2017-05-19 17:46:05,086 [Worker-115] INFO  o.e.m.c.i.e.AbstractTransferListenerAdapter - Downloading https://repo.maven.apache.org/maven2/org/apache/directory/project/project/27/project-27.pom
2017-05-19 17:46:05,125 [Worker-115] INFO  o.e.m.c.i.e.AbstractTransferListenerAdapter - Downloaded https://repo.maven.apache.org/maven2/org/apache/directory/project/project/27/project-27.pom
2017-05-19 17:46:05,209 [Worker-115] INFO  o.e.m.c.i.e.AbstractTransferListenerAdapter - Downloading https://repo.maven.apache.org/maven2/org/apache/directory/studio/org.apache.commons.io/2.4/org.apache.commons.io-2.4.jar
2017-05-19 17:46:05,290 [Worker-115] INFO  o.e.m.c.i.e.AbstractTransferListenerAdapter - Downloaded https://repo.maven.apache.org/maven2/org/apache/directory/studio/org.apache.commons.io/2.4/org.apache.commons.io-2.4.jar
2017-05-19 17:46:05,582 [Worker-115] INFO  o.e.m.c.i.embedder.EclipseLogger - Using 'UTF-8' encoding to copy filtered resources.
2017-05-19 17:46:05,582 [Worker-115] INFO  o.e.m.c.i.embedder.EclipseLogger - skip non existing resourceDirectory /home/francesco/Documents/Work/WotRid/rid/src/main/resources
2017-05-19 17:46:05,584 [Worker-115] INFO  o.e.m.c.i.embedder.EclipseLogger - Using 'UTF-8' encoding to copy filtered resources.
2017-05-19 17:46:05,584 [Worker-115] INFO  o.e.m.c.i.embedder.EclipseLogger - skip non existing resourceDirectory /home/francesco/Documents/Work/WotRid/rid/src/test/resources
2017-05-19 17:46:06,679 [Worker-111] INFO  o.e.m.c.i.embedder.EclipseLogger - Using 'UTF-8' encoding to copy filtered resources.
2017-05-19 17:46:06,680 [Worker-111] INFO  o.e.m.c.i.embedder.EclipseLogger - skip non existing resourceDirectory /home/francesco/Documents/Work/WotRid/rid/src/main/resources
2017-05-19 17:46:06,681 [Worker-111] INFO  o.e.m.c.i.embedder.EclipseLogger - Using 'UTF-8' encoding to copy filtered resources.
2017-05-19 17:46:06,681 [Worker-111] INFO  o.e.m.c.i.embedder.EclipseLogger - skip non existing resourceDirectory /home/francesco/Documents/Work/WotRid/rid/src/test/resources
2017-05-19 17:46:27,171 [Worker-103] INFO  o.e.m.c.i.embedder.EclipseLogger - Using 'UTF-8' encoding to copy filtered resources.
2017-05-19 17:46:27,171 [Worker-103] INFO  o.e.m.c.i.embedder.EclipseLogger - skip non existing resourceDirectory /home/francesco/Documents/Work/WotRid/rid/src/main/resources
2017-05-19 17:46:27,172 [Worker-103] INFO  o.e.m.c.i.embedder.EclipseLogger - Using 'UTF-8' encoding to copy filtered resources.
2017-05-19 17:46:27,172 [Worker-103] INFO  o.e.m.c.i.embedder.EclipseLogger - skip non existing resourceDirectory /home/francesco/Documents/Work/WotRid/rid/src/test/resources
2017-05-19 17:48:23,763 [Worker-109] INFO  o.e.m.c.i.embedder.EclipseLogger - Using 'UTF-8' encoding to copy filtered resources.
2017-05-19 17:48:23,764 [Worker-109] INFO  o.e.m.c.i.embedder.EclipseLogger - skip non existing resourceDirectory /home/francesco/Documents/Work/WotRid/rid/src/main/resources
2017-05-19 17:48:23,764 [Worker-109] INFO  o.e.m.c.i.embedder.EclipseLogger - Using 'UTF-8' encoding to copy filtered resources.
2017-05-19 17:48:23,764 [Worker-109] INFO  o.e.m.c.i.embedder.EclipseLogger - skip non existing resourceDirectory /home/francesco/Documents/Work/WotRid/rid/src/test/resources
2017-05-19 17:53:25,900 [Worker-111] INFO  o.e.m.c.i.embedder.EclipseLogger - Using 'UTF-8' encoding to copy filtered resources.
2017-05-19 17:53:25,900 [Worker-111] INFO  o.e.m.c.i.embedder.EclipseLogger - skip non existing resourceDirectory /home/francesco/Documents/Work/WotRid/rid/src/main/resources
2017-05-19 17:53:25,901 [Worker-111] INFO  o.e.m.c.i.embedder.EclipseLogger - Using 'UTF-8' encoding to copy filtered resources.
2017-05-19 17:53:25,901 [Worker-111] INFO  o.e.m.c.i.embedder.EclipseLogger - skip non existing resourceDirectory /home/francesco/Documents/Work/WotRid/rid/src/test/resources
2017-05-19 17:53:35,699 [Worker-103] INFO  o.e.m.c.i.embedder.EclipseLogger - Using 'UTF-8' encoding to copy filtered resources.
2017-05-19 17:53:35,700 [Worker-103] INFO  o.e.m.c.i.embedder.EclipseLogger - skip non existing resourceDirectory /home/francesco/Documents/Work/WotRid/rid/src/main/resources
2017-05-19 17:53:35,701 [Worker-103] INFO  o.e.m.c.i.embedder.EclipseLogger - Using 'UTF-8' encoding to copy filtered resources.
2017-05-19 17:53:35,701 [Worker-103] INFO  o.e.m.c.i.embedder.EclipseLogger - skip non existing resourceDirectory /home/francesco/Documents/Work/WotRid/rid/src/test/resources
2017-05-19 17:53:50,312 [Worker-117] INFO  o.e.m.c.i.embedder.EclipseLogger - Using 'UTF-8' encoding to copy filtered resources.
2017-05-19 17:53:50,312 [Worker-117] INFO  o.e.m.c.i.embedder.EclipseLogger - skip non existing resourceDirectory /home/francesco/Documents/Work/WotRid/rid/src/main/resources
2017-05-19 17:53:50,312 [Worker-117] INFO  o.e.m.c.i.embedder.EclipseLogger - Using 'UTF-8' encoding to copy filtered resources.
2017-05-19 17:53:50,312 [Worker-117] INFO  o.e.m.c.i.embedder.EclipseLogger - skip non existing resourceDirectory /home/francesco/Documents/Work/WotRid/rid/src/test/resources
2017-05-19 17:54:13,060 [Worker-111] INFO  o.e.m.c.i.embedder.EclipseLogger - Using 'UTF-8' encoding to copy filtered resources.
2017-05-19 17:54:13,061 [Worker-111] INFO  o.e.m.c.i.embedder.EclipseLogger - skip non existing resourceDirectory /home/francesco/Documents/Work/WotRid/rid/src/main/resources
2017-05-19 17:54:13,062 [Worker-111] INFO  o.e.m.c.i.embedder.EclipseLogger - Using 'UTF-8' encoding to copy filtered resources.
2017-05-19 17:54:13,062 [Worker-111] INFO  o.e.m.c.i.embedder.EclipseLogger - skip non existing resourceDirectory /home/francesco/Documents/Work/WotRid/rid/src/test/resources
2017-05-19 17:57:06,852 [Worker-117] INFO  o.e.m.c.i.embedder.EclipseLogger - Using 'UTF-8' encoding to copy filtered resources.
2017-05-19 17:57:06,852 [Worker-117] INFO  o.e.m.c.i.embedder.EclipseLogger - skip non existing resourceDirectory /home/francesco/Documents/Work/WotRid/rid/src/main/resources
2017-05-19 17:57:06,853 [Worker-117] INFO  o.e.m.c.i.embedder.EclipseLogger - Using 'UTF-8' encoding to copy filtered resources.
2017-05-19 17:57:06,853 [Worker-117] INFO  o.e.m.c.i.embedder.EclipseLogger - skip non existing resourceDirectory /home/francesco/Documents/Work/WotRid/rid/src/test/resources
2017-05-19 17:57:41,217 [Worker-115] INFO  o.e.m.c.i.embedder.EclipseLogger - Using 'UTF-8' encoding to copy filtered resources.
2017-05-19 17:57:41,218 [Worker-115] INFO  o.e.m.c.i.embedder.EclipseLogger - skip non existing resourceDirectory /home/francesco/Documents/Work/WotRid/rid/src/main/resources
2017-05-19 17:57:41,218 [Worker-115] INFO  o.e.m.c.i.embedder.EclipseLogger - Using 'UTF-8' encoding to copy filtered resources.
2017-05-19 17:57:41,218 [Worker-115] INFO  o.e.m.c.i.embedder.EclipseLogger - skip non existing resourceDirectory /home/francesco/Documents/Work/WotRid/rid/src/test/resources
2017-05-19 17:58:00,931 [Worker-120] INFO  o.e.m.c.i.embedder.EclipseLogger - Using 'UTF-8' encoding to copy filtered resources.
2017-05-19 17:58:00,931 [Worker-120] INFO  o.e.m.c.i.embedder.EclipseLogger - skip non existing resourceDirectory /home/francesco/Documents/Work/WotRid/rid/src/main/resources
2017-05-19 17:58:00,932 [Worker-120] INFO  o.e.m.c.i.embedder.EclipseLogger - Using 'UTF-8' encoding to copy filtered resources.
2017-05-19 17:58:00,932 [Worker-120] INFO  o.e.m.c.i.embedder.EclipseLogger - skip non existing resourceDirectory /home/francesco/Documents/Work/WotRid/rid/src/test/resources
